{"/Users/tbrobston/Developer/node-makemkv/client/src/App.js": {"path":"/Users/tbrobston/Developer/node-makemkv/client/src/App.js","statementMap":{"0":{"start":{"line":16,"column":8},"end":{"line":16,"column":21}},"1":{"start":{"line":17,"column":8},"end":{"line":19,"column":10}},"2":{"start":{"line":20,"column":8},"end":{"line":20,"column":57}},"3":{"start":{"line":24,"column":8},"end":{"line":24,"column":38}},"4":{"start":{"line":25,"column":8},"end":{"line":25,"column":33}},"5":{"start":{"line":26,"column":8},"end":{"line":28,"column":11}},"6":{"start":{"line":32,"column":8},"end":{"line":57,"column":10}},"7":{"start":{"line":40,"column":42},"end":{"line":40,"column":71}},"8":{"start":{"line":42,"column":24},"end":{"line":53,"column":26}}},"fnMap":{"0":{"name":"(anonymous_0)","decl":{"start":{"line":15,"column":4},"end":{"line":15,"column":5}},"loc":{"start":{"line":15,"column":23},"end":{"line":21,"column":5}},"line":15},"1":{"name":"(anonymous_1)","decl":{"start":{"line":23,"column":4},"end":{"line":23,"column":5}},"loc":{"start":{"line":23,"column":31},"end":{"line":29,"column":5}},"line":23},"2":{"name":"(anonymous_2)","decl":{"start":{"line":31,"column":4},"end":{"line":31,"column":5}},"loc":{"start":{"line":31,"column":13},"end":{"line":58,"column":5}},"line":31},"3":{"name":"(anonymous_3)","decl":{"start":{"line":39,"column":59},"end":{"line":39,"column":60}},"loc":{"start":{"line":39,"column":72},"end":{"line":54,"column":21}},"line":39}},"branchMap":{},"s":{"0":1,"1":1,"2":1,"3":0,"4":0,"5":0,"6":1,"7":0,"8":0},"f":{"0":1,"1":0,"2":1,"3":0},"b":{},"_coverageSchema":"332fd63041d2c1bcb487cc26dd0d5f7d97098a6c","hash":"78c2f7d5488ae76c0eb99c46839bf9150dbb1743"}
,"/Users/tbrobston/Developer/node-makemkv/client/src/api.js": {"path":"/Users/tbrobston/Developer/node-makemkv/client/src/api.js","statementMap":{"0":{"start":{"line":3,"column":15},"end":{"line":3,"column":19}},"1":{"start":{"line":5,"column":22},"end":{"line":15,"column":1}},"2":{"start":{"line":6,"column":4},"end":{"line":6,"column":61}},"3":{"start":{"line":8,"column":4},"end":{"line":12,"column":5}},"4":{"start":{"line":9,"column":8},"end":{"line":9,"column":46}},"5":{"start":{"line":11,"column":8},"end":{"line":11,"column":33}},"6":{"start":{"line":14,"column":4},"end":{"line":14,"column":55}},"7":{"start":{"line":17,"column":20},"end":{"line":26,"column":1}},"8":{"start":{"line":18,"column":4},"end":{"line":18,"column":52}},"9":{"start":{"line":19,"column":4},"end":{"line":25,"column":7}},"10":{"start":{"line":20,"column":8},"end":{"line":23,"column":10}},"11":{"start":{"line":24,"column":8},"end":{"line":24,"column":57}},"12":{"start":{"line":28,"column":17},"end":{"line":33,"column":1}},"13":{"start":{"line":29,"column":4},"end":{"line":29,"column":56}},"14":{"start":{"line":30,"column":4},"end":{"line":32,"column":7}},"15":{"start":{"line":31,"column":8},"end":{"line":31,"column":49}},"16":{"start":{"line":36,"column":28},"end":{"line":38,"column":1}},"17":{"start":{"line":37,"column":4},"end":{"line":37,"column":58}},"18":{"start":{"line":41,"column":29},"end":{"line":43,"column":1}},"19":{"start":{"line":42,"column":4},"end":{"line":42,"column":48}},"20":{"start":{"line":46,"column":24},"end":{"line":52,"column":1}},"21":{"start":{"line":47,"column":4},"end":{"line":51,"column":7}},"22":{"start":{"line":55,"column":23},"end":{"line":57,"column":1}},"23":{"start":{"line":56,"column":4},"end":{"line":56,"column":36}}},"fnMap":{"0":{"name":"(anonymous_0)","decl":{"start":{"line":5,"column":22},"end":{"line":5,"column":23}},"loc":{"start":{"line":5,"column":45},"end":{"line":15,"column":1}},"line":5},"1":{"name":"(anonymous_1)","decl":{"start":{"line":17,"column":20},"end":{"line":17,"column":21}},"loc":{"start":{"line":17,"column":64},"end":{"line":26,"column":1}},"line":17},"2":{"name":"(anonymous_2)","decl":{"start":{"line":19,"column":18},"end":{"line":19,"column":19}},"loc":{"start":{"line":19,"column":24},"end":{"line":25,"column":5}},"line":19},"3":{"name":"(anonymous_3)","decl":{"start":{"line":28,"column":17},"end":{"line":28,"column":18}},"loc":{"start":{"line":28,"column":43},"end":{"line":33,"column":1}},"line":28},"4":{"name":"(anonymous_4)","decl":{"start":{"line":30,"column":18},"end":{"line":30,"column":19}},"loc":{"start":{"line":30,"column":24},"end":{"line":32,"column":5}},"line":30},"5":{"name":"(anonymous_5)","decl":{"start":{"line":36,"column":28},"end":{"line":36,"column":29}},"loc":{"start":{"line":36,"column":60},"end":{"line":38,"column":1}},"line":36},"6":{"name":"(anonymous_6)","decl":{"start":{"line":41,"column":29},"end":{"line":41,"column":30}},"loc":{"start":{"line":41,"column":52},"end":{"line":43,"column":1}},"line":41},"7":{"name":"(anonymous_7)","decl":{"start":{"line":46,"column":24},"end":{"line":46,"column":25}},"loc":{"start":{"line":46,"column":57},"end":{"line":52,"column":1}},"line":46},"8":{"name":"(anonymous_8)","decl":{"start":{"line":55,"column":23},"end":{"line":55,"column":24}},"loc":{"start":{"line":55,"column":36},"end":{"line":57,"column":1}},"line":55}},"branchMap":{"0":{"loc":{"start":{"line":8,"column":4},"end":{"line":12,"column":5}},"type":"if","locations":[{"start":{"line":8,"column":4},"end":{"line":12,"column":5}},{"start":{"line":8,"column":4},"end":{"line":12,"column":5}}],"line":8},"1":{"loc":{"start":{"line":22,"column":12},"end":{"line":22,"column":55}},"type":"cond-expr","locations":[{"start":{"line":22,"column":22},"end":{"line":22,"column":44}},{"start":{"line":22,"column":47},"end":{"line":22,"column":55}}],"line":22}},"s":{"0":1,"1":1,"2":1,"3":1,"4":0,"5":0,"6":1,"7":1,"8":1,"9":1,"10":0,"11":0,"12":1,"13":0,"14":0,"15":0,"16":1,"17":0,"18":1,"19":1,"20":1,"21":0,"22":1,"23":0},"f":{"0":1,"1":1,"2":0,"3":0,"4":0,"5":0,"6":1,"7":0,"8":0},"b":{"0":[0,1],"1":[0,0]},"_coverageSchema":"332fd63041d2c1bcb487cc26dd0d5f7d97098a6c","hash":"a633615b863847bbbecd8e26620bacecb9c4e4d1"}
,"/Users/tbrobston/Developer/node-makemkv/client/src/registerServiceWorker.js": {"path":"/Users/tbrobston/Developer/node-makemkv/client/src/registerServiceWorker.js","statementMap":{"0":{"start":{"line":15,"column":20},"end":{"line":15,"column":0}},"1":{"start":{"line":26,"column":4},"end":{"line":50,"column":5}},"2":{"start":{"line":28,"column":26},"end":{"line":28,"column":8}},"3":{"start":{"line":30,"column":8},"end":{"line":37,"column":9}},"4":{"start":{"line":36,"column":12},"end":{"line":null,"column":-1}},"5":{"start":{"line":39,"column":8},"end":{"line":null,"column":-1}},"6":{"start":{"line":40,"column":27},"end":{"line":40,"column":12}},"7":{"start":{"line":42,"column":12},"end":{"line":48,"column":13}},"8":{"start":{"line":44,"column":16},"end":{"line":null,"column":-1}},"9":{"start":{"line":47,"column":16},"end":{"line":null,"column":-1}},"10":{"start":{"line":54,"column":4},"end":{"line":null,"column":-1}},"11":{"start":{"line":57,"column":12},"end":{"line":null,"column":-1}},"12":{"start":{"line":58,"column":41},"end":{"line":58,"column":16}},"13":{"start":{"line":60,"column":16},"end":{"line":null,"column":-1}},"14":{"start":{"line":61,"column":20},"end":{"line":78,"column":21}},"15":{"start":{"line":62,"column":24},"end":{"line":77,"column":25}},"16":{"start":{"line":69,"column":28},"end":{"line":null,"column":-1}},"17":{"start":{"line":76,"column":28},"end":{"line":null,"column":-1}},"18":{"start":{"line":83,"column":12},"end":{"line":null,"column":-1}},"19":{"start":{"line":89,"column":4},"end":{"line":null,"column":-1}},"20":{"start":{"line":92,"column":12},"end":{"line":105,"column":13}},"21":{"start":{"line":97,"column":16},"end":{"line":null,"column":-1}},"22":{"start":{"line":98,"column":20},"end":{"line":null,"column":-1}},"23":{"start":{"line":99,"column":24},"end":{"line":null,"column":-1}},"24":{"start":{"line":104,"column":16},"end":{"line":null,"column":-1}},"25":{"start":{"line":108,"column":12},"end":{"line":null,"column":-1}},"26":{"start":{"line":115,"column":4},"end":{"line":119,"column":5}},"27":{"start":{"line":116,"column":8},"end":{"line":null,"column":-1}},"28":{"start":{"line":117,"column":12},"end":{"line":null,"column":-1}}},"fnMap":{"0":{"name":"register","decl":{"start":{"line":25,"column":24},"end":{"line":25,"column":15}},"loc":{"start":{"line":25,"column":35},"end":{"line":51,"column":1}}},"1":{"name":"(anonymous_1)","decl":{"start":{"line":39,"column":40},"end":{"line":39,"column":45}},"loc":{"start":{"line":39,"column":46},"end":{"line":39,"column":8}}},"2":{"name":"registerValidSW","decl":{"start":{"line":53,"column":9},"end":{"line":53,"column":0}},"loc":{"start":{"line":53,"column":32},"end":{"line":85,"column":1}}},"3":{"name":"(anonymous_3)","decl":{"start":{"line":56,"column":15},"end":{"line":56,"column":13}},"loc":{"start":{"line":56,"column":32},"end":{"line":54,"column":4}}},"4":{"name":"(anonymous_4)","decl":{"start":{"line":57,"column":41},"end":{"line":57,"column":46}},"loc":{"start":{"line":57,"column":47},"end":{"line":57,"column":12}}},"5":{"name":"(anonymous_5)","decl":{"start":{"line":60,"column":49},"end":{"line":60,"column":54}},"loc":{"start":{"line":60,"column":55},"end":{"line":60,"column":16}}},"6":{"name":"(anonymous_6)","decl":{"start":{"line":82,"column":16},"end":{"line":82,"column":14}},"loc":{"start":{"line":82,"column":26},"end":{"line":54,"column":4}}},"7":{"name":"checkValidServiceWorker","decl":{"start":{"line":87,"column":9},"end":{"line":87,"column":0}},"loc":{"start":{"line":87,"column":40},"end":{"line":112,"column":1}}},"8":{"name":"(anonymous_8)","decl":{"start":{"line":90,"column":15},"end":{"line":90,"column":13}},"loc":{"start":{"line":90,"column":28},"end":{"line":89,"column":4}}},"9":{"name":"(anonymous_9)","decl":{"start":{"line":97,"column":52},"end":{"line":97,"column":50}},"loc":{"start":{"line":97,"column":69},"end":{"line":97,"column":16}}},"10":{"name":"(anonymous_10)","decl":{"start":{"line":98,"column":51},"end":{"line":98,"column":56}},"loc":{"start":{"line":98,"column":57},"end":{"line":98,"column":20}}},"11":{"name":"(anonymous_11)","decl":{"start":{"line":107,"column":15},"end":{"line":107,"column":20}},"loc":{"start":{"line":107,"column":21},"end":{"line":89,"column":4}}},"12":{"name":"unregister","decl":{"start":{"line":114,"column":16},"end":{"line":114,"column":7}},"loc":{"start":{"line":114,"column":29},"end":{"line":120,"column":1}}},"13":{"name":"(anonymous_13)","decl":{"start":{"line":116,"column":44},"end":{"line":116,"column":42}},"loc":{"start":{"line":116,"column":61},"end":{"line":116,"column":8}}}},"branchMap":{"0":{"loc":{"start":{"line":16,"column":4},"end":{"line":16,"column":3}},"type":"binary-expr","locations":[{"start":{"line":16,"column":4},"end":{"line":16,"column":3}},{"start":{"line":18,"column":4},"end":{"line":16,"column":4}},{"start":{"line":20,"column":4},"end":{"line":15,"column":20}}]},"1":{"loc":{"start":{"line":26,"column":4},"end":{"line":50,"column":5}},"type":"if","locations":[{"start":{"line":26,"column":4},"end":{"line":50,"column":5}},{"start":{"line":26,"column":4},"end":{"line":50,"column":5}}]},"2":{"loc":{"start":{"line":26,"column":8},"end":{"line":26,"column":7}},"type":"binary-expr","locations":[{"start":{"line":26,"column":8},"end":{"line":26,"column":7}},{"start":{"line":26,"column":49},"end":{"line":26,"column":4}}]},"3":{"loc":{"start":{"line":30,"column":8},"end":{"line":37,"column":9}},"type":"if","locations":[{"start":{"line":30,"column":8},"end":{"line":37,"column":9}},{"start":{"line":30,"column":8},"end":{"line":37,"column":9}}]},"4":{"loc":{"start":{"line":42,"column":12},"end":{"line":48,"column":13}},"type":"if","locations":[{"start":{"line":42,"column":12},"end":{"line":48,"column":13}},{"start":{"line":42,"column":12},"end":{"line":48,"column":13}}]},"5":{"loc":{"start":{"line":61,"column":20},"end":{"line":78,"column":21}},"type":"if","locations":[{"start":{"line":61,"column":20},"end":{"line":78,"column":21}},{"start":{"line":61,"column":20},"end":{"line":78,"column":21}}]},"6":{"loc":{"start":{"line":62,"column":24},"end":{"line":77,"column":25}},"type":"if","locations":[{"start":{"line":62,"column":24},"end":{"line":77,"column":25}},{"start":{"line":62,"column":24},"end":{"line":77,"column":25}}]},"7":{"loc":{"start":{"line":92,"column":12},"end":{"line":105,"column":13}},"type":"if","locations":[{"start":{"line":92,"column":12},"end":{"line":105,"column":13}},{"start":{"line":92,"column":12},"end":{"line":105,"column":13}}]},"8":{"loc":{"start":{"line":93,"column":16},"end":{"line":93,"column":15}},"type":"binary-expr","locations":[{"start":{"line":93,"column":16},"end":{"line":93,"column":15}},{"start":{"line":94,"column":8},"end":{"line":92,"column":12}}]},"9":{"loc":{"start":{"line":115,"column":4},"end":{"line":119,"column":5}},"type":"if","locations":[{"start":{"line":115,"column":4},"end":{"line":119,"column":5}},{"start":{"line":115,"column":4},"end":{"line":119,"column":5}}]}},"s":{"0":0,"1":0,"2":0,"3":0,"4":0,"5":0,"6":0,"7":0,"8":0,"9":0,"10":0,"11":0,"12":0,"13":0,"14":0,"15":0,"16":0,"17":0,"18":0,"19":0,"20":0,"21":0,"22":0,"23":0,"24":0,"25":0,"26":0,"27":0,"28":0},"f":{"0":0,"1":0,"2":0,"3":0,"4":0,"5":0,"6":0,"7":0,"8":0,"9":0,"10":0,"11":0,"12":0,"13":0},"b":{"0":[0,0,0],"1":[0,0],"2":[0,0],"3":[0,0],"4":[0,0],"5":[0,0],"6":[0,0],"7":[0,0],"8":[0,0],"9":[0,0]}}
,"/Users/tbrobston/Developer/node-makemkv/client/src/DiscInfo/DiscInfo.js": {"path":"/Users/tbrobston/Developer/node-makemkv/client/src/DiscInfo/DiscInfo.js","statementMap":{"0":{"start":{"line":19,"column":8},"end":{"line":19,"column":21}},"1":{"start":{"line":20,"column":31},"end":{"line":20,"column":33}},"2":{"start":{"line":22,"column":8},"end":{"line":22,"column":53}},"3":{"start":{"line":23,"column":8},"end":{"line":25,"column":11}},"4":{"start":{"line":24,"column":12},"end":{"line":24,"column":63}},"5":{"start":{"line":26,"column":8},"end":{"line":30,"column":10}},"6":{"start":{"line":34,"column":8},"end":{"line":36,"column":45}},"7":{"start":{"line":41,"column":24},"end":{"line":41,"column":39}},"8":{"start":{"line":43,"column":8},"end":{"line":45,"column":11}},"9":{"start":{"line":46,"column":8},"end":{"line":47,"column":50}},"10":{"start":{"line":51,"column":26},"end":{"line":51,"column":28}},"11":{"start":{"line":53,"column":8},"end":{"line":53,"column":59}},"12":{"start":{"line":54,"column":8},"end":{"line":58,"column":11}},"13":{"start":{"line":63,"column":28},"end":{"line":65,"column":29}},"14":{"start":{"line":67,"column":8},"end":{"line":71,"column":10}},"15":{"start":{"line":75,"column":8},"end":{"line":148,"column":10}},"16":{"start":{"line":92,"column":40},"end":{"line":92,"column":86}},"17":{"start":{"line":107,"column":65},"end":{"line":107,"column":88}},"18":{"start":{"line":121,"column":44},"end":{"line":136,"column":49}},"19":{"start":{"line":121,"column":63},"end":{"line":121,"column":88}},"20":{"start":{"line":126,"column":72},"end":{"line":126,"column":97}},"21":{"start":{"line":143,"column":52},"end":{"line":143,"column":69}},"22":{"start":{"line":152,"column":0},"end":{"line":187,"column":2}},"23":{"start":{"line":189,"column":0},"end":{"line":191,"column":2}}},"fnMap":{"0":{"name":"(anonymous_0)","decl":{"start":{"line":18,"column":4},"end":{"line":18,"column":5}},"loc":{"start":{"line":18,"column":23},"end":{"line":31,"column":5}},"line":18},"1":{"name":"(anonymous_1)","decl":{"start":{"line":23,"column":30},"end":{"line":23,"column":31}},"loc":{"start":{"line":23,"column":54},"end":{"line":25,"column":9}},"line":23},"2":{"name":"(anonymous_2)","decl":{"start":{"line":33,"column":4},"end":{"line":33,"column":5}},"loc":{"start":{"line":33,"column":37},"end":{"line":37,"column":5}},"line":33},"3":{"name":"(anonymous_3)","decl":{"start":{"line":40,"column":4},"end":{"line":40,"column":5}},"loc":{"start":{"line":40,"column":27},"end":{"line":48,"column":5}},"line":40},"4":{"name":"(anonymous_4)","decl":{"start":{"line":50,"column":4},"end":{"line":50,"column":5}},"loc":{"start":{"line":50,"column":25},"end":{"line":59,"column":5}},"line":50},"5":{"name":"(anonymous_5)","decl":{"start":{"line":62,"column":4},"end":{"line":62,"column":5}},"loc":{"start":{"line":62,"column":21},"end":{"line":72,"column":5}},"line":62},"6":{"name":"(anonymous_6)","decl":{"start":{"line":74,"column":4},"end":{"line":74,"column":5}},"loc":{"start":{"line":74,"column":13},"end":{"line":149,"column":5}},"line":74},"7":{"name":"(anonymous_7)","decl":{"start":{"line":91,"column":36},"end":{"line":91,"column":37}},"loc":{"start":{"line":91,"column":47},"end":{"line":93,"column":37}},"line":91},"8":{"name":"(anonymous_8)","decl":{"start":{"line":107,"column":58},"end":{"line":107,"column":59}},"loc":{"start":{"line":107,"column":65},"end":{"line":107,"column":88}},"line":107},"9":{"name":"(anonymous_9)","decl":{"start":{"line":120,"column":83},"end":{"line":120,"column":84}},"loc":{"start":{"line":121,"column":44},"end":{"line":136,"column":49}},"line":121},"10":{"name":"(anonymous_10)","decl":{"start":{"line":121,"column":57},"end":{"line":121,"column":58}},"loc":{"start":{"line":121,"column":63},"end":{"line":121,"column":88}},"line":121},"11":{"name":"(anonymous_11)","decl":{"start":{"line":126,"column":66},"end":{"line":126,"column":67}},"loc":{"start":{"line":126,"column":72},"end":{"line":126,"column":97}},"line":126},"12":{"name":"(anonymous_12)","decl":{"start":{"line":143,"column":45},"end":{"line":143,"column":46}},"loc":{"start":{"line":143,"column":52},"end":{"line":143,"column":69}},"line":143}},"branchMap":{"0":{"loc":{"start":{"line":77,"column":31},"end":{"line":77,"column":65}},"type":"cond-expr","locations":[{"start":{"line":77,"column":49},"end":{"line":77,"column":60}},{"start":{"line":77,"column":63},"end":{"line":77,"column":65}}],"line":77},"1":{"loc":{"start":{"line":81,"column":31},"end":{"line":81,"column":66}},"type":"cond-expr","locations":[{"start":{"line":81,"column":50},"end":{"line":81,"column":61}},{"start":{"line":81,"column":64},"end":{"line":81,"column":66}}],"line":81},"2":{"loc":{"start":{"line":84,"column":35},"end":{"line":84,"column":85}},"type":"cond-expr","locations":[{"start":{"line":84,"column":58},"end":{"line":84,"column":80}},{"start":{"line":84,"column":83},"end":{"line":84,"column":85}}],"line":84},"3":{"loc":{"start":{"line":96,"column":39},"end":{"line":96,"column":77}},"type":"binary-expr","locations":[{"start":{"line":96,"column":39},"end":{"line":96,"column":58}},{"start":{"line":96,"column":62},"end":{"line":96,"column":77}}],"line":96},"4":{"loc":{"start":{"line":106,"column":53},"end":{"line":106,"column":100}},"type":"cond-expr","locations":[{"start":{"line":106,"column":75},"end":{"line":106,"column":95}},{"start":{"line":106,"column":98},"end":{"line":106,"column":100}}],"line":106},"5":{"loc":{"start":{"line":120,"column":40},"end":{"line":137,"column":41}},"type":"binary-expr","locations":[{"start":{"line":120,"column":40},"end":{"line":120,"column":57}},{"start":{"line":120,"column":61},"end":{"line":137,"column":41}}],"line":120}},"s":{"0":0,"1":0,"2":0,"3":0,"4":0,"5":0,"6":0,"7":0,"8":0,"9":0,"10":0,"11":0,"12":0,"13":0,"14":0,"15":0,"16":0,"17":0,"18":0,"19":0,"20":0,"21":0,"22":1,"23":1},"f":{"0":0,"1":0,"2":0,"3":0,"4":0,"5":0,"6":0,"7":0,"8":0,"9":0,"10":0,"11":0,"12":0},"b":{"0":[0,0],"1":[0,0],"2":[0,0],"3":[0,0],"4":[0,0],"5":[0,0]},"_coverageSchema":"332fd63041d2c1bcb487cc26dd0d5f7d97098a6c","hash":"fd4a4f83a6440a2cd610db8d3683214d7ef7f359"}
,"/Users/tbrobston/Developer/node-makemkv/client/src/DiscInfo/DiscInfo.test.js": {"path":"/Users/tbrobston/Developer/node-makemkv/client/src/DiscInfo/DiscInfo.test.js","statementMap":{"0":{"start":{"line":1,"column":0},"end":{"line":null,"column":-1}},"1":{"start":{"line":2,"column":0},"end":{"line":null,"column":-1}},"2":{"start":{"line":4,"column":0},"end":{"line":null,"column":-1}},"3":{"start":{"line":6,"column":0},"end":{"line":null,"column":-1}},"4":{"start":{"line":7,"column":17},"end":{"line":7,"column":4}},"5":{"start":{"line":11,"column":4},"end":{"line":null,"column":-1}}},"fnMap":{"0":{"name":"(anonymous_1)","decl":{"start":{"line":6,"column":35},"end":{"line":6,"column":40}},"loc":{"start":{"line":6,"column":41},"end":{"line":6,"column":0}}}},"branchMap":{},"s":{"0":0,"1":0,"2":0,"3":0,"4":0,"5":0},"f":{"0":0},"b":{}}
,"/Users/tbrobston/Developer/node-makemkv/client/src/DiscInfo/index.js": {"path":"/Users/tbrobston/Developer/node-makemkv/client/src/DiscInfo/index.js","statementMap":{},"fnMap":{},"branchMap":{},"s":{},"f":{},"b":{},"_coverageSchema":"332fd63041d2c1bcb487cc26dd0d5f7d97098a6c","hash":"26cc85efdc76af09c8081419d875bd2f343e6ef2"}
,"/Users/tbrobston/Developer/node-makemkv/client/src/DiscPanel/DiscPanel.js": {"path":"/Users/tbrobston/Developer/node-makemkv/client/src/DiscPanel/DiscPanel.js","statementMap":{"0":{"start":{"line":18,"column":8},"end":{"line":18,"column":21}},"1":{"start":{"line":19,"column":8},"end":{"line":21,"column":10}},"2":{"start":{"line":22,"column":8},"end":{"line":22,"column":75}},"3":{"start":{"line":26,"column":8},"end":{"line":26,"column":37}},"4":{"start":{"line":27,"column":8},"end":{"line":27,"column":32}},"5":{"start":{"line":28,"column":8},"end":{"line":30,"column":11}},"6":{"start":{"line":34,"column":8},"end":{"line":34,"column":43}},"7":{"start":{"line":38,"column":8},"end":{"line":68,"column":10}},"8":{"start":{"line":51,"column":47},"end":{"line":51,"column":69}},"9":{"start":{"line":72,"column":0},"end":{"line":76,"column":2}},"10":{"start":{"line":78,"column":0},"end":{"line":79,"column":2}}},"fnMap":{"0":{"name":"(anonymous_0)","decl":{"start":{"line":17,"column":4},"end":{"line":17,"column":5}},"loc":{"start":{"line":17,"column":23},"end":{"line":23,"column":5}},"line":17},"1":{"name":"(anonymous_1)","decl":{"start":{"line":25,"column":4},"end":{"line":25,"column":5}},"loc":{"start":{"line":25,"column":29},"end":{"line":31,"column":5}},"line":25},"2":{"name":"(anonymous_2)","decl":{"start":{"line":33,"column":4},"end":{"line":33,"column":5}},"loc":{"start":{"line":33,"column":22},"end":{"line":35,"column":5}},"line":33},"3":{"name":"(anonymous_3)","decl":{"start":{"line":37,"column":4},"end":{"line":37,"column":5}},"loc":{"start":{"line":37,"column":13},"end":{"line":69,"column":5}},"line":37},"4":{"name":"(anonymous_4)","decl":{"start":{"line":51,"column":41},"end":{"line":51,"column":42}},"loc":{"start":{"line":51,"column":47},"end":{"line":51,"column":69}},"line":51}},"branchMap":{"0":{"loc":{"start":{"line":29,"column":22},"end":{"line":29,"column":56}},"type":"binary-expr","locations":[{"start":{"line":29,"column":22},"end":{"line":29,"column":50}},{"start":{"line":29,"column":54},"end":{"line":29,"column":56}}],"line":29},"1":{"loc":{"start":{"line":48,"column":34},"end":{"line":48,"column":66}},"type":"binary-expr","locations":[{"start":{"line":48,"column":34},"end":{"line":48,"column":53}},{"start":{"line":48,"column":57},"end":{"line":48,"column":66}}],"line":48},"2":{"loc":{"start":{"line":57,"column":28},"end":{"line":63,"column":34}},"type":"cond-expr","locations":[{"start":{"line":58,"column":32},"end":{"line":61,"column":34}},{"start":{"line":63,"column":32},"end":{"line":63,"column":34}}],"line":57},"3":{"loc":{"start":{"line":57,"column":28},"end":{"line":57,"column":95}},"type":"binary-expr","locations":[{"start":{"line":57,"column":28},"end":{"line":57,"column":54}},{"start":{"line":57,"column":58},"end":{"line":57,"column":95}}],"line":57}},"s":{"0":0,"1":0,"2":0,"3":0,"4":0,"5":0,"6":0,"7":0,"8":0,"9":1,"10":1},"f":{"0":0,"1":0,"2":0,"3":0,"4":0},"b":{"0":[0,0],"1":[0,0],"2":[0,0],"3":[0,0]},"_coverageSchema":"332fd63041d2c1bcb487cc26dd0d5f7d97098a6c","hash":"07ed3f57cc3d2c8b660290dc431824f430b6fcfa"}
,"/Users/tbrobston/Developer/node-makemkv/client/src/DiscPanel/DiscPanel.test.js": {"path":"/Users/tbrobston/Developer/node-makemkv/client/src/DiscPanel/DiscPanel.test.js","statementMap":{"0":{"start":{"line":1,"column":0},"end":{"line":null,"column":-1}},"1":{"start":{"line":2,"column":0},"end":{"line":null,"column":-1}},"2":{"start":{"line":4,"column":0},"end":{"line":null,"column":-1}},"3":{"start":{"line":6,"column":0},"end":{"line":null,"column":-1}},"4":{"start":{"line":7,"column":17},"end":{"line":7,"column":4}},"5":{"start":{"line":11,"column":4},"end":{"line":null,"column":-1}}},"fnMap":{"0":{"name":"(anonymous_1)","decl":{"start":{"line":6,"column":36},"end":{"line":6,"column":41}},"loc":{"start":{"line":6,"column":42},"end":{"line":6,"column":0}}}},"branchMap":{},"s":{"0":0,"1":0,"2":0,"3":0,"4":0,"5":0},"f":{"0":0},"b":{}}
,"/Users/tbrobston/Developer/node-makemkv/client/src/DiscPanel/index.js": {"path":"/Users/tbrobston/Developer/node-makemkv/client/src/DiscPanel/index.js","statementMap":{},"fnMap":{},"branchMap":{},"s":{},"f":{},"b":{},"_coverageSchema":"332fd63041d2c1bcb487cc26dd0d5f7d97098a6c","hash":"7e965d1c1f76edacacc11e435ddde3772b40f35a"}
,"/Users/tbrobston/Developer/node-makemkv/client/src/Header/Header.js": {"path":"/Users/tbrobston/Developer/node-makemkv/client/src/Header/Header.js","statementMap":{"0":{"start":{"line":12,"column":15},"end":{"line":36,"column":10}},"1":{"start":{"line":13,"column":4},"end":{"line":36,"column":10}},"2":{"start":{"line":38,"column":0},"end":{"line":39,"column":2}},"3":{"start":{"line":41,"column":0},"end":{"line":42,"column":2}}},"fnMap":{"0":{"name":"(anonymous_0)","decl":{"start":{"line":12,"column":15},"end":{"line":12,"column":16}},"loc":{"start":{"line":13,"column":4},"end":{"line":36,"column":10}},"line":13}},"branchMap":{},"s":{"0":1,"1":0,"2":1,"3":1},"f":{"0":0},"b":{},"_coverageSchema":"332fd63041d2c1bcb487cc26dd0d5f7d97098a6c","hash":"03113ff12849d852c6dd1cb636143bad17331f7a"}
,"/Users/tbrobston/Developer/node-makemkv/client/src/Header/Header.test.js": {"path":"/Users/tbrobston/Developer/node-makemkv/client/src/Header/Header.test.js","statementMap":{"0":{"start":{"line":1,"column":0},"end":{"line":null,"column":-1}},"1":{"start":{"line":2,"column":0},"end":{"line":null,"column":-1}},"2":{"start":{"line":4,"column":0},"end":{"line":null,"column":-1}},"3":{"start":{"line":6,"column":0},"end":{"line":null,"column":-1}},"4":{"start":{"line":7,"column":17},"end":{"line":7,"column":4}},"5":{"start":{"line":11,"column":4},"end":{"line":null,"column":-1}}},"fnMap":{"0":{"name":"(anonymous_1)","decl":{"start":{"line":6,"column":33},"end":{"line":6,"column":38}},"loc":{"start":{"line":6,"column":39},"end":{"line":6,"column":0}}}},"branchMap":{},"s":{"0":0,"1":0,"2":0,"3":0,"4":0,"5":0},"f":{"0":0},"b":{}}
,"/Users/tbrobston/Developer/node-makemkv/client/src/Header/index.js": {"path":"/Users/tbrobston/Developer/node-makemkv/client/src/Header/index.js","statementMap":{},"fnMap":{},"branchMap":{},"s":{},"f":{},"b":{},"_coverageSchema":"332fd63041d2c1bcb487cc26dd0d5f7d97098a6c","hash":"12fac1982b739928e07d6df0557af8e8f1089443"}
}
